<?xml version="1.0" encoding="utf-8"?><testsuites><testsuite name="pytest" errors="0" failures="0" skipped="0" tests="20" time="1.165" timestamp="2023-08-07T20:20:18.551384" hostname="fv-az248-184"><testcase classname="tests.test_scm" name="test_lookup" time="0.024" /><testcase classname="tests.test_scm" name="test_handle_remote_and_local_repos" time="0.185" /><testcase classname="tests.test_script" name="test_add_arguments" time="0.001" /><testcase classname="tests.test_script" name="test_process_options" time="0.017" /><testcase classname="tests.test_script" name="test_main_make_beta" time="0.086" /><testcase classname="tests.test_script" name="test_main_make_release" time="0.090" /><testcase classname="tests.test_tools" name="test_abort_exception" time="0.001" /><testcase classname="tests.test_tools" name="test_urmtree" time="0.001" /><testcase classname="tests.test_tools" name="test_indent" time="0.001" /><testcase classname="tests.test_tools" name="test_list_of_paths" time="0.001" /><testcase classname="tests.test_tools" name="test_lstrip" time="0.001" /><testcase classname="tests.test_tools" name="test_apply_fixers" time="0.003" /><testcase classname="tests.test_tools" name="test_get_module_var" time="0.002" /><testcase classname="tests.test_tools" name="test_set_module_var" time="0.003" /><testcase classname="tests.test_tools" name="test_set_module_var_empty_file" time="0.002" /><testcase classname="tests.test_tools" name="test_bump_version" time="0.001" /><testcase classname="tests.test_tools" name="test_update_version_master" time="0.038" /><testcase classname="tests.test_tools" name="test_update_version_beta" time="0.078" /><testcase classname="tests.test_tools" name="test_update_version_release" time="0.048" /><testcase classname="tests.test_tools" name="test_process" time="0.107" /></testsuite></testsuites>