<?xml version="1.0" encoding="utf-8"?><testsuites><testsuite name="pytest" errors="0" failures="0" skipped="0" tests="16" time="1.429" timestamp="2023-08-07T05:48:28.348257" hostname="fv-az507-51"><testcase classname="tests.test_scm" name="test_lookup" time="0.041" /><testcase classname="tests.test_scm" name="test_handle_remote_and_local_repos" time="0.324" /><testcase classname="tests.test_tools" name="test_abort_exception" time="0.002" /><testcase classname="tests.test_tools" name="test_urmtree" time="0.002" /><testcase classname="tests.test_tools" name="test_indent" time="0.001" /><testcase classname="tests.test_tools" name="test_list_of_paths" time="0.001" /><testcase classname="tests.test_tools" name="test_lstrip" time="0.001" /><testcase classname="tests.test_tools" name="test_apply_fixers" time="0.004" /><testcase classname="tests.test_tools" name="test_get_module_var" time="0.003" /><testcase classname="tests.test_tools" name="test_set_module_var" time="0.005" /><testcase classname="tests.test_tools" name="test_set_module_var_empty_file" time="0.003" /><testcase classname="tests.test_tools" name="test_bump_version" time="0.001" /><testcase classname="tests.test_tools" name="test_update_version_master" time="0.065" /><testcase classname="tests.test_tools" name="test_update_version_beta" time="0.138" /><testcase classname="tests.test_tools" name="test_update_version_release" time="0.081" /><testcase classname="tests.test_tools" name="test_process" time="0.168" /></testsuite></testsuites>